02:24:19: Creating resource group General
02:24:19: Creating resource group Internal
02:24:19: Creating resource group Autodetect
02:24:19: SceneManagerFactory for type 'DefaultSceneManager' registered.
02:24:19: Registering ResourceManager for type Material
02:24:19: Registering ResourceManager for type Mesh
02:24:19: Registering ResourceManager for type Skeleton
02:24:19: MovableObjectFactory for type 'ParticleSystem' registered.
02:24:19: OverlayElementFactory for type Panel registered.
02:24:19: OverlayElementFactory for type BorderPanel registered.
02:24:19: OverlayElementFactory for type TextArea registered.
02:24:19: Registering ResourceManager for type Font
02:24:19: ArchiveFactory for archive type FileSystem registered.
02:24:19: ArchiveFactory for archive type Zip registered.
02:24:19: ArchiveFactory for archive type EmbeddedZip registered.
02:24:19: DDS codec registering
02:24:19: FreeImage version: 3.15.3
02:24:19: This program uses FreeImage, a free, open source image library supporting all common bitmap formats. See http://freeimage.sourceforge.net for details
02:24:19: Supported formats: bmp,ico,jpg,jif,jpeg,jpe,jng,koa,iff,lbm,mng,pbm,pbm,pcd,pcx,pgm,pgm,png,ppm,ppm,ras,tga,targa,tif,tiff,wap,wbmp,wbm,psd,cut,xbm,xpm,gif,hdr,g3,sgi,exr,j2k,j2c,jp2,pfm,pct,pict,pic,3fr,arw,bay,bmq,cap,cine,cr2,crw,cs1,dc2,dcr,drf,dsc,dng,erf,fff,ia,iiq,k25,kc2,kdc,mdc,mef,mos,mrw,nef,nrw,orf,pef,ptx,pxn,qtk,raf,raw,rdc,rw2,rwl,rwz,sr2,srf,srw,sti
02:24:19: Registering ResourceManager for type HighLevelGpuProgram
02:24:19: Registering ResourceManager for type Compositor
02:24:19: MovableObjectFactory for type 'Entity' registered.
02:24:19: MovableObjectFactory for type 'Light' registered.
02:24:19: MovableObjectFactory for type 'BillboardSet' registered.
02:24:19: MovableObjectFactory for type 'ManualObject' registered.
02:24:19: MovableObjectFactory for type 'BillboardChain' registered.
02:24:19: MovableObjectFactory for type 'RibbonTrail' registered.
02:24:19: Loading library /Users/merlyn/BasicTest/haskell/RenderSystem_GL
02:24:19: Installing plugin: GL RenderSystem
02:24:19: OpenGL Rendering Subsystem created.
02:24:19: Plugin successfully installed
02:24:19: *-*-* OGRE Initialising
02:24:19: *-*-* Version 1.8.0 (Byatis)
02:24:19: CPU Identifier & Features
02:24:19: -------------------------
02:24:19:  *   CPU ID: GenuineIntel: Intel(R) Core(TM) i5-2415M CPU @ 2.30GHz
02:24:19:  *      SSE: yes
02:24:19:  *     SSE2: yes
02:24:19:  *     SSE3: yes
02:24:19:  *      MMX: yes
02:24:19:  *   MMXEXT: yes
02:24:19:  *    3DNOW: no
02:24:19:  * 3DNOWEXT: no
02:24:19:  *     CMOV: yes
02:24:19:  *      TSC: yes
02:24:19:  *      FPU: yes
02:24:19:  *      PRO: yes
02:24:19:  *       HT: no
02:24:19: -------------------------
02:24:19: ********************************************
***  Starting Mac OS X OpenGL Subsystem  ***
********************************************
02:24:19: Registering ResourceManager for type Texture
02:24:19: GLRenderSystem::_createRenderWindow "DemoApp v1.0", 1280x720 windowed  miscParams: FSAA=0 gamma=No hidden=No macAPI=carbon title=DemoApp v1.0 vsync=No 
02:24:19: Creating a Carbon Compatible Render System
02:24:19: GL_VERSION = 2.1 APPLE-7.18.11
02:24:19: GL_VENDOR = Intel Inc.
02:24:19: GL_RENDERER = Intel HD Graphics 3000 OpenGL Engine
02:24:19: GL_EXTENSIONS = GL_ARB_color_buffer_float GL_ARB_depth_buffer_float GL_ARB_depth_clamp GL_ARB_depth_texture GL_ARB_draw_buffers GL_ARB_draw_elements_base_vertex GL_ARB_draw_instanced GL_ARB_fragment_program GL_ARB_fragment_program_shadow GL_ARB_fragment_shader GL_ARB_framebuffer_object GL_ARB_framebuffer_sRGB GL_ARB_half_float_pixel GL_ARB_half_float_vertex GL_ARB_instanced_arrays GL_ARB_multisample GL_ARB_multitexture GL_ARB_occlusion_query GL_ARB_pixel_buffer_object GL_ARB_point_parameters GL_ARB_point_sprite GL_ARB_provoking_vertex GL_ARB_seamless_cube_map GL_ARB_shader_objects GL_ARB_shader_texture_lod GL_ARB_shading_language_100 GL_ARB_shadow GL_ARB_sync GL_ARB_texture_border_clamp GL_ARB_texture_compression GL_ARB_texture_compression_rgtc GL_ARB_texture_cube_map GL_ARB_texture_env_add GL_ARB_texture_env_combine GL_ARB_texture_env_crossbar GL_ARB_texture_env_dot3 GL_ARB_texture_float GL_ARB_texture_mirrored_repeat GL_ARB_texture_non_power_of_two GL_ARB_texture_rectangle GL_ARB_texture_rg GL_ARB_transpose_matrix GL_ARB_vertex_array_bgra GL_ARB_vertex_blend GL_ARB_vertex_buffer_object GL_ARB_vertex_program GL_ARB_vertex_shader GL_ARB_window_pos GL_EXT_abgr GL_EXT_bgra GL_EXT_blend_color GL_EXT_blend_equation_separate GL_EXT_blend_func_separate GL_EXT_blend_minmax GL_EXT_blend_subtract GL_EXT_clip_volume_hint GL_EXT_draw_buffers2 GL_EXT_draw_range_elements GL_EXT_fog_coord GL_EXT_framebuffer_blit GL_EXT_framebuffer_multisample GL_EXT_framebuffer_object GL_EXT_framebuffer_sRGB GL_EXT_geometry_shader4 GL_EXT_gpu_program_parameters GL_EXT_gpu_shader4 GL_EXT_multi_draw_arrays GL_EXT_packed_depth_stencil GL_EXT_packed_float GL_EXT_provoking_vertex GL_EXT_rescale_normal GL_EXT_secondary_color GL_EXT_separate_specular_color GL_EXT_shadow_funcs GL_EXT_stencil_two_side GL_EXT_stencil_wrap GL_EXT_texture_array GL_EXT_texture_compression_dxt1 GL_EXT_texture_compression_s3tc GL_EXT_texture_env_add GL_EXT_texture_filter_anisotropic GL_EXT_texture_integer GL_EXT_texture_lod_bias GL_EXT_texture_rectangle GL_EXT_texture_shared_exponent GL_EXT_texture_sRGB GL_EXT_texture_sRGB_decode GL_EXT_timer_query GL_EXT_transform_feedback GL_EXT_vertex_array_bgra GL_APPLE_aux_depth_stencil GL_APPLE_client_storage GL_APPLE_element_array GL_APPLE_fence GL_APPLE_float_pixels GL_APPLE_flush_buffer_range GL_APPLE_flush_render GL_APPLE_object_purgeable GL_APPLE_packed_pixels GL_APPLE_pixel_buffer GL_APPLE_rgb_422 GL_APPLE_row_bytes GL_APPLE_specular_vector GL_APPLE_texture_range GL_APPLE_transform_hint GL_APPLE_vertex_array_object GL_APPLE_vertex_array_range GL_APPLE_vertex_point_size GL_APPLE_vertex_program_evaluators GL_APPLE_ycbcr_422 GL_ATI_separate_stencil GL_ATI_texture_env_combine3 GL_ATI_texture_float GL_IBM_rasterpos_clip GL_NV_blend_square GL_NV_conditional_render GL_NV_depth_clamp GL_NV_fog_distance GL_NV_light_max_exponent GL_NV_texgen_reflection GL_SGIS_generate_mipmap GL_SGIS_texture_edge_clamp GL_SGIS_texture_lod 
02:24:19: ***************************
02:24:19: *** GL Renderer Started ***
02:24:19: ***************************
02:24:19: Registering ResourceManager for type GpuProgram
02:24:19: GLSL support detected
02:24:19: GL: Using GL_EXT_framebuffer_object for rendering to textures (best)
02:24:19: FBO PF_UNKNOWN depth/stencil support: D0S1 D0S4 D0S8 D0S16 D16S0 D24S0 D32S0 Packed-D24S8 
02:24:19: FBO PF_R5G6B5 depth/stencil support: D0S0 D0S1 D0S4 D0S8 D0S16 D16S0 D24S0 D32S0 Packed-D24S8 
02:24:19: FBO PF_B5G6R5 depth/stencil support: D0S0 D0S1 D0S4 D0S8 D0S16 D16S0 D24S0 D32S0 Packed-D24S8 
02:24:19: FBO PF_A4R4G4B4 depth/stencil support: D0S0 D0S1 D0S4 D0S8 D0S16 D16S0 D24S0 D32S0 Packed-D24S8 
02:24:19: FBO PF_A1R5G5B5 depth/stencil support: D0S0 D0S1 D0S4 D0S8 D0S16 D16S0 D24S0 D32S0 Packed-D24S8 
02:24:19: FBO PF_R8G8B8 depth/stencil support: D0S0 D0S1 D0S4 D0S8 D0S16 D16S0 D24S0 D32S0 Packed-D24S8 
02:24:19: FBO PF_B8G8R8 depth/stencil support: D0S0 D0S1 D0S4 D0S8 D0S16 D16S0 D24S0 D32S0 Packed-D24S8 
02:24:19: FBO PF_A8R8G8B8 depth/stencil support: D0S0 D0S1 D0S4 D0S8 D0S16 D16S0 D24S0 D32S0 Packed-D24S8 
02:24:19: FBO PF_B8G8R8A8 depth/stencil support: D0S0 D0S1 D0S4 D0S8 D0S16 D16S0 D24S0 D32S0 Packed-D24S8 
02:24:19: FBO PF_A2R10G10B10 depth/stencil support: D0S0 D0S1 D0S4 D0S8 D0S16 D16S0 D24S0 D32S0 Packed-D24S8 
02:24:19: FBO PF_A2B10G10R10 depth/stencil support: D0S0 D0S1 D0S4 D0S8 D0S16 D16S0 D24S0 D32S0 Packed-D24S8 
02:24:19: FBO PF_FLOAT16_RGB depth/stencil support: D0S0 D0S1 D0S4 D0S8 D0S16 D16S0 D24S0 D32S0 Packed-D24S8 
02:24:19: FBO PF_FLOAT16_RGBA depth/stencil support: D0S0 D0S1 D0S4 D0S8 D0S16 D16S0 D24S0 D32S0 Packed-D24S8 
02:24:19: FBO PF_FLOAT32_RGB depth/stencil support: D0S0 D0S1 D0S4 D0S8 D0S16 D16S0 D24S0 D32S0 Packed-D24S8 
02:24:19: FBO PF_FLOAT32_RGBA depth/stencil support: D0S0 D0S1 D0S4 D0S8 D0S16 D16S0 D24S0 D32S0 Packed-D24S8 
02:24:19: FBO PF_X8R8G8B8 depth/stencil support: D0S0 D0S1 D0S4 D0S8 D0S16 D16S0 D24S0 D32S0 Packed-D24S8 
02:24:19: FBO PF_X8B8G8R8 depth/stencil support: D0S0 D0S1 D0S4 D0S8 D0S16 D16S0 D24S0 D32S0 Packed-D24S8 
02:24:19: FBO PF_SHORT_RGBA depth/stencil support: D0S0 D0S1 D0S4 D0S8 D0S16 D16S0 D24S0 D32S0 Packed-D24S8 
02:24:19: FBO PF_R3G3B2 depth/stencil support: D0S0 D0S1 D0S4 D0S8 D0S16 D16S0 D24S0 D32S0 Packed-D24S8 
02:24:19: [GL] : Valid FBO targets PF_UNKNOWN PF_R5G6B5 PF_B5G6R5 PF_A4R4G4B4 PF_A1R5G5B5 PF_R8G8B8 PF_B8G8R8 PF_A8R8G8B8 PF_B8G8R8A8 PF_A2R10G10B10 PF_A2B10G10R10 PF_FLOAT16_RGB PF_FLOAT16_RGBA PF_FLOAT32_RGB PF_FLOAT32_RGBA PF_X8R8G8B8 PF_X8B8G8R8 PF_SHORT_RGBA PF_R3G3B2 
02:24:19: RenderSystem capabilities
02:24:19: -------------------------
02:24:19: RenderSystem Name: OpenGL Rendering Subsystem
02:24:19: GPU Vendor: intel
02:24:19: Device Name: Intel HD Graphics 3000 OpenGL Engine
02:24:19: Driver Version: 2.1.0.0
02:24:19:  * Fixed function pipeline: yes
02:24:19:  * Hardware generation of mipmaps: no
02:24:19:  * Texture blending: yes
02:24:19:  * Anisotropic texture filtering: yes
02:24:19:  * Dot product texture operation: yes
02:24:19:  * Cube mapping: yes
02:24:19:  * Hardware stencil buffer: yes
02:24:19:    - Stencil depth: 8
02:24:19:    - Two sided stencil support: yes
02:24:19:    - Wrap stencil values: yes
02:24:19:  * Hardware vertex / index buffers: yes
02:24:19:  * Vertex programs: yes
02:24:19:  * Number of floating-point constants for vertex programs: 1024
02:24:19:  * Number of integer constants for vertex programs: 0
02:24:19:  * Number of boolean constants for vertex programs: 0
02:24:19:  * Fragment programs: yes
02:24:19:  * Number of floating-point constants for fragment programs: 1024
02:24:19:  * Number of integer constants for fragment programs: 0
02:24:19:  * Number of boolean constants for fragment programs: 0
02:24:19:  * Geometry programs: yes
02:24:19:  * Number of floating-point constants for geometry programs: 4096
02:24:19:  * Number of integer constants for geometry programs: 0
02:24:19:  * Number of boolean constants for geometry programs: 0
02:24:19:  * Supported Shader Profiles: arbfp1 arbvp1 glsl gp4gp gpu_gp nvgp4
02:24:19:  * Texture Compression: yes
02:24:19:    - DXT: yes
02:24:19:    - VTC: no
02:24:19:    - PVRTC: no
02:24:19:  * Scissor Rectangle: yes
02:24:19:  * Hardware Occlusion Query: yes
02:24:19:  * User clip planes: yes
02:24:19:  * VET_UBYTE4 vertex element type: yes
02:24:19:  * Infinite far plane projection: yes
02:24:19:  * Hardware render-to-texture: yes
02:24:19:  * Floating point textures: yes
02:24:19:  * Non-power-of-two textures: yes
02:24:19:  * Volume textures: yes
02:24:19:  * Multiple Render Targets: 8
02:24:19:    - With different bit depths: yes
02:24:19:  * Point Sprites: yes
02:24:19:  * Extended point parameters: yes
02:24:19:  * Max Point Size: 64
02:24:19:  * Vertex texture fetch: yes
02:24:19:  * Number of world matrices: 0
02:24:19:  * Number of texture units: 16
02:24:19:  * Stencil buffer depth: 8
02:24:19:  * Number of vertex blend matrices: 0
02:24:19:    - Max vertex textures: 16
02:24:19:    - Vertex textures shared: yes
02:24:19:  * Render to Vertex Buffer : no
02:24:19:  * GL 1.5 without VBO workaround: no
02:24:19:  * Frame Buffer objects: yes
02:24:19:  * Frame Buffer objects (ARB extension): no
02:24:19:  * Frame Buffer objects (ATI extension): no
02:24:19:  * PBuffer support: yes
02:24:19:  * GL 1.5 without HW-occlusion workaround: no
02:24:19:  * Separate shader objects: no
02:24:19: DefaultWorkQueue('Root') initialising on thread 0x6a82a680.
02:24:19: DefaultWorkQueue('Root')::WorkerFunc - thread 0x69642780 starting.
02:24:19: DefaultWorkQueue('Root')::WorkerFunc - thread 0x69642640 starting.
02:24:19: DefaultWorkQueue('Root')::WorkerFunc - thread 0x696428c0 starting.
02:24:19: DefaultWorkQueue('Root')::WorkerFunc - thread 0x69642a00 starting.
02:24:19: Particle Renderer Type 'billboard' registered
02:24:19: Creating resource group Bootstrap
02:24:19: Added resource location 'media/packs/SdkTrays.zip' of type 'Zip' to resource group 'Bootstrap'
02:24:19: Added resource location 'media/models' of type 'FileSystem' to resource group 'General'
02:24:19: Added resource location 'media/materials/scripts' of type 'FileSystem' to resource group 'General'
02:24:19: Added resource location 'media/materials/textures' of type 'FileSystem' to resource group 'General'
02:24:19: Added resource location 'media/packs/cubemapsJS.zip' of type 'Zip' to resource group 'General'
02:24:19: Added resource location 'media/packs/skybox.zip' of type 'Zip' to resource group 'General'
02:24:19: Parsing scripts for resource group Autodetect
02:24:19: Finished parsing scripts for resource group Autodetect
02:24:19: Creating resources for group Autodetect
02:24:19: All done
02:24:19: Parsing scripts for resource group Bootstrap
02:24:19: Parsing script SdkTrays.material
02:24:19: Parsing script SdkTrays.fontdef
02:24:19: Parsing script SdkTrays.overlay
02:24:19: Bad element attribute line: '# you can offset the image to change the cursor "hotspot"' for element SdkTrays/Cursor in overlay 
02:24:19: Texture: sdk_cursor.png: Loading 1 faces(PF_A8R8G8B8,32x32x1) with 5 generated mipmaps from Image. Internal format is PF_A8R8G8B8,32x32x1.
02:24:19: Texture: sdk_tray.png: Loading 1 faces(PF_A8R8G8B8,64x64x1) with 5 generated mipmaps from Image. Internal format is PF_A8R8G8B8,64x64x1.
02:24:19: Texture: sdk_button_up.png: Loading 1 faces(PF_A8R8G8B8,128x32x1) with 5 generated mipmaps from Image. Internal format is PF_A8R8G8B8,128x32x1.
02:24:19: Texture: sdk_text_box.png: Loading 1 faces(PF_A8R8G8B8,32x32x1) with 5 generated mipmaps from Image. Internal format is PF_A8R8G8B8,32x32x1.
02:24:19: Texture: sdk_mini_tray.png: Loading 1 faces(PF_A8R8G8B8,32x32x1) with 5 generated mipmaps from Image. Internal format is PF_A8R8G8B8,32x32x1.
02:24:19: Texture: sdk_track.png: Loading 1 faces(PF_A8R8G8B8,16x32x1) with 5 generated mipmaps from Image. Internal format is PF_A8R8G8B8,16x32x1.
02:24:19: Texture: sdk_handle.png: Loading 1 faces(PF_A8R8G8B8,16x16x1) with 4 generated mipmaps from Image. Internal format is PF_A8R8G8B8,16x16x1.
02:24:19: Texture: sdk_mini_text_box.png: Loading 1 faces(PF_A8R8G8B8,32x32x1) with 5 generated mipmaps from Image. Internal format is PF_A8R8G8B8,32x32x1.
02:24:19: Texture: sdk_label.png: Loading 1 faces(PF_A8R8G8B8,32x32x1) with 5 generated mipmaps from Image. Internal format is PF_A8R8G8B8,32x32x1.
02:24:19: Texture: sdk_separator.png: Loading 1 faces(PF_A8R8G8B8,64x16x1) with 5 generated mipmaps from Image. Internal format is PF_A8R8G8B8,64x16x1.
02:24:19: Texture: sdk_logo.png: Loading 1 faces(PF_A8R8G8B8,128x64x1) with 5 generated mipmaps from Image. Internal format is PF_A8R8G8B8,128x64x1.
02:24:19: Texture: sdk_shade.png: Loading 1 faces(PF_A8R8G8B8,64x48x1) with 5 generated mipmaps from Image. Internal format is PF_A8R8G8B8,64x48x1.
02:24:19: Texture: sdk_frame.png: Loading 1 faces(PF_A8R8G8B8,32x32x1) with 5 generated mipmaps from Image. Internal format is PF_A8R8G8B8,32x32x1.
02:24:19: Texture: sdk_mini_text_box_over.png: Loading 1 faces(PF_A8R8G8B8,32x32x1) with 5 generated mipmaps from Image. Internal format is PF_A8R8G8B8,32x32x1.
02:24:19: Texture: sdk_pulse.png: Loading 1 faces(PF_R8G8B8,8x1x1) with 3 generated mipmaps from Image. Internal format is PF_X8R8G8B8,8x1x1.
02:24:19: Finished parsing scripts for resource group Bootstrap
02:24:19: Creating resources for group Bootstrap
02:24:19: All done
02:24:19: Parsing scripts for resource group General
02:24:19: Parsing script Examples.material
02:24:19: Compiler error: reference to a non existing object in Examples.material(253)
02:24:19: Compiler error: reference to a non existing object in Examples.material(772)
02:24:19: Compiler error: reference to a non existing object in Examples.material(784)
02:24:19: Compiler error: reference to a non existing object in Examples.material(1281)
02:24:19: Compiler error: reference to a non existing object in Examples.material(1473)
02:24:19: Compiler error: reference to a non existing object in Examples.material(1508)
02:24:19: Compiler error: reference to a non existing object in Examples.material(1617)
02:24:19: Compiler error: reference to a non existing object in Examples.material(1622)
02:24:19: Compiler error: reference to a non existing object in Examples.material(1716)
02:24:19: Parsing script Ogre.material
02:24:19: Finished parsing scripts for resource group General
02:24:19: Creating resources for group General
02:24:19: All done
02:24:19: Parsing scripts for resource group Internal
02:24:19: Finished parsing scripts for resource group Internal
02:24:19: Creating resources for group Internal
02:24:19: All done
02:24:19: Demo initialized!
02:24:19: Texture: stevecube_fr.jpg: Loading 1 faces(PF_R8G8B8,512x512x1) with 5 generated mipmaps from Image. Internal format is PF_X8R8G8B8,512x512x1.
02:24:19: Texture: stevecube_bk.jpg: Loading 1 faces(PF_R8G8B8,512x512x1) with 5 generated mipmaps from Image. Internal format is PF_X8R8G8B8,512x512x1.
02:24:19: Texture: stevecube_lf.jpg: Loading 1 faces(PF_R8G8B8,512x512x1) with 5 generated mipmaps from Image. Internal format is PF_X8R8G8B8,512x512x1.
02:24:19: Texture: stevecube_rt.jpg: Loading 1 faces(PF_R8G8B8,512x512x1) with 5 generated mipmaps from Image. Internal format is PF_X8R8G8B8,512x512x1.
02:24:19: Texture: stevecube_up.jpg: Loading 1 faces(PF_R8G8B8,512x512x1) with 5 generated mipmaps from Image. Internal format is PF_X8R8G8B8,512x512x1.
02:24:19: Texture: stevecube_dn.jpg: Loading 1 faces(PF_R8G8B8,512x512x1) with 5 generated mipmaps from Image. Internal format is PF_X8R8G8B8,512x512x1.
02:24:19: Mesh: Loading ogrehead.mesh.
02:24:19: WARNING: ogrehead.mesh is an older format ([MeshSerializer_v1.41]); you should upgrade it as soon as possible using the OgreMeshUpgrade tool.
02:24:19: Texture: GreenSkin.jpg: Loading 1 faces(PF_R8G8B8,256x256x1) with 5 generated mipmaps from Image. Internal format is PF_X8R8G8B8,256x256x1.
02:24:19: Texture: spheremap.png: Loading 1 faces(PF_R8G8B8,256x256x1) with 5 generated mipmaps from Image. Internal format is PF_X8R8G8B8,256x256x1.
02:24:19: Texture: tusk.jpg: Loading 1 faces(PF_R8G8B8,96x96x1) with 5 generated mipmaps from Image. Internal format is PF_X8R8G8B8,96x96x1.
02:24:19: Start main loop...
02:24:19: Font SdkTrays/Caption using texture size 512x256
02:24:19: Info: Freetype returned null for character 160 in font SdkTrays/Caption
02:24:19: Texture: SdkTrays/CaptionTexture: Loading 1 faces(PF_BYTE_LA,512x256x1) with 0 generated mipmaps from Image. Internal format is PF_BYTE_LA,512x256x1.
02:24:19: Font SdkTrays/Value using texture size 512x256
02:24:19: Info: Freetype returned null for character 127 in font SdkTrays/Value
02:24:19: Info: Freetype returned null for character 128 in font SdkTrays/Value
02:24:19: Info: Freetype returned null for character 129 in font SdkTrays/Value
02:24:19: Info: Freetype returned null for character 130 in font SdkTrays/Value
02:24:19: Info: Freetype returned null for character 131 in font SdkTrays/Value
02:24:19: Info: Freetype returned null for character 132 in font SdkTrays/Value
02:24:19: Info: Freetype returned null for character 133 in font SdkTrays/Value
02:24:19: Info: Freetype returned null for character 134 in font SdkTrays/Value
02:24:19: Info: Freetype returned null for character 135 in font SdkTrays/Value
02:24:19: Info: Freetype returned null for character 136 in font SdkTrays/Value
02:24:19: Info: Freetype returned null for character 137 in font SdkTrays/Value
02:24:19: Info: Freetype returned null for character 138 in font SdkTrays/Value
02:24:19: Info: Freetype returned null for character 139 in font SdkTrays/Value
02:24:19: Info: Freetype returned null for character 140 in font SdkTrays/Value
02:24:19: Info: Freetype returned null for character 141 in font SdkTrays/Value
02:24:19: Info: Freetype returned null for character 142 in font SdkTrays/Value
02:24:19: Info: Freetype returned null for character 143 in font SdkTrays/Value
02:24:19: Info: Freetype returned null for character 144 in font SdkTrays/Value
02:24:19: Info: Freetype returned null for character 145 in font SdkTrays/Value
02:24:19: Info: Freetype returned null for character 146 in font SdkTrays/Value
02:24:19: Info: Freetype returned null for character 147 in font SdkTrays/Value
02:24:19: Info: Freetype returned null for character 148 in font SdkTrays/Value
02:24:19: Info: Freetype returned null for character 149 in font SdkTrays/Value
02:24:19: Info: Freetype returned null for character 150 in font SdkTrays/Value
02:24:19: Info: Freetype returned null for character 151 in font SdkTrays/Value
02:24:19: Info: Freetype returned null for character 152 in font SdkTrays/Value
02:24:19: Info: Freetype returned null for character 153 in font SdkTrays/Value
02:24:19: Info: Freetype returned null for character 154 in font SdkTrays/Value
02:24:19: Info: Freetype returned null for character 155 in font SdkTrays/Value
02:24:19: Info: Freetype returned null for character 156 in font SdkTrays/Value
02:24:19: Info: Freetype returned null for character 157 in font SdkTrays/Value
02:24:19: Info: Freetype returned null for character 158 in font SdkTrays/Value
02:24:19: Info: Freetype returned null for character 159 in font SdkTrays/Value
02:24:19: Info: Freetype returned null for character 160 in font SdkTrays/Value
02:24:19: Texture: SdkTrays/ValueTexture: Loading 1 faces(PF_BYTE_LA,512x256x1) with 0 generated mipmaps from Image. Internal format is PF_BYTE_LA,512x256x1.
